2021-09-09T07:51:51+00:00 NOTICE sync_store :: posting data :: Array
(
    [store_post] => Array
        (
            [id] => 6139ba443b635
            [is_syncing] => 
            [platform] => woocommerce
            [list_id] => e8487b9f34
            [name] => E-Fuel
            [domain] => http://vps02.r159.dk/efuel
            [email_address] => marsminie@gmail.com
            [currency_code] => DKK
            [money_format] => DKK
            [primary_locale] => da_DK
            [timezone] => Europe/Copenhagen
            [phone] => +4561310625
            [address] => Array
                (
                    [address1] => Carlsbergvej 34
                    [city] => Hillerød
                    [province] => Nordsjælland
                    [postal_code] => 3400
                    [country] => DK
                    [country_code] => DK
                    [phone] => +4561310625
                    [company] => E-Fuel
                )

        )

)

2021-09-09T07:51:52+00:00 NOTICE sync_store :: posting data :: Array
(
    [store_post] => Array
        (
            [id] => 6139ba443b635
            [is_syncing] => 
            [platform] => woocommerce
            [list_id] => e8487b9f34
            [name] => E-Fuel
            [domain] => http://vps02.r159.dk/efuel
            [email_address] => marsminie@gmail.com
            [currency_code] => DKK
            [money_format] => DKK
            [primary_locale] => da_DK
            [timezone] => Europe/Copenhagen
            [phone] => +4561310625
            [address] => Array
                (
                    [address1] => Carlsbergvej 34
                    [city] => Hillerød
                    [province] => Nordsjælland
                    [postal_code] => 3400
                    [country] => DK
                    [country_code] => DK
                    [phone] => +4561310625
                    [company] => E-Fuel
                )

        )

)

2021-09-09T07:51:54+00:00 NOTICE sync_store :: posting data :: Array
(
    [store_post] => Array
        (
            [id] => 6139ba443b635
            [is_syncing] => 
            [platform] => woocommerce
            [list_id] => e8487b9f34
            [name] => E-Fuel
            [domain] => http://vps02.r159.dk/efuel
            [email_address] => marsminie@gmail.com
            [currency_code] => DKK
            [money_format] => DKK
            [primary_locale] => da_DK
            [timezone] => Europe/Copenhagen
            [phone] => +4561310625
            [address] => Array
                (
                    [address1] => Carlsbergvej 34
                    [city] => Hillerød
                    [province] => Nordsjælland
                    [postal_code] => 3400
                    [country] => DK
                    [country_code] => DK
                    [phone] => +4561310625
                    [company] => E-Fuel
                )

        )

)

2021-09-09T07:51:55+00:00 NOTICE mailchimp-woocommerce-sync.started :: Starting Sync :: Thu, Sep 9, 2021 7:51 AM
2021-09-09T07:51:55+00:00 NOTICE action_scheduler.queue_job :: MailChimp_WooCommerce_Process_Coupons queued :: page 1
